build/outputs/logs/manifest-merger-debug-report.txt
-- Merging decision tree log ---
manifest
ADDED from platforms\android\AndroidManifest.xml:2:1-22:12
	package
		ADDED from platforms\android\AndroidManifest.xml:2:103-123
		INJECTED from platforms\android\AndroidManifest.xml
		INJECTED from platforms\android\AndroidManifest.xml
	android:versionName
		ADDED from platforms\android\AndroidManifest.xml:2:74-102
		INJECTED from platforms\android\AndroidManifest.xml
		INJECTED from platforms\android\AndroidManifest.xml
	android:hardwareAccelerated
		ADDED from platforms\android\AndroidManifest.xml:2:11-45
	android:versionCode
		ADDED from platforms\android\AndroidManifest.xml:2:46-73
		INJECTED from platforms\android\AndroidManifest.xml
		INJECTED from platforms\android\AndroidManifest.xml
	xmlns:android
		ADDED from platforms\android\AndroidManifest.xml:2:124-182
supports-screens
ADDED from platforms\android\AndroidManifest.xml:3:5-191
	android:largeScreens
		ADDED from platforms\android\AndroidManifest.xml:3:49-76
	android:smallScreens
		ADDED from platforms\android\AndroidManifest.xml:3:132-159
	android:normalScreens
		ADDED from platforms\android\AndroidManifest.xml:3:77-105
	android:xlargeScreens
		ADDED from platforms\android\AndroidManifest.xml:3:160-188
	android:resizeable
		ADDED from platforms\android\AndroidManifest.xml:3:106-131
	android:anyDensity
		ADDED from platforms\android\AndroidManifest.xml:3:23-48
uses-permission#android.permission.INTERNET
ADDED from platforms\android\AndroidManifest.xml:4:5-67
	android:name
		ADDED from platforms\android\AndroidManifest.xml:4:22-64
application
ADDED from platforms\android\AndroidManifest.xml:5:5-18:19
MERGED from [com.facebook.android:facebook-android-sdk:4.8.2] AndroidManifest.xml:28:5-20
MERGED from [com.android.support:support-v4:24.1.1] AndroidManifest.xml:25:5-20
	android:label
		ADDED from platforms\android\AndroidManifest.xml:5:81-113
	android:supportsRtl
		ADDED from platforms\android\AndroidManifest.xml:5:114-140
	android:hardwareAccelerated
		ADDED from platforms\android\AndroidManifest.xml:5:18-52
	android:icon
		ADDED from platforms\android\AndroidManifest.xml:5:53-80
activity#de.dm.news.MainActivity
ADDED from platforms\android\AndroidManifest.xml:6:9-11:20
	android:label
		ADDED from platforms\android\AndroidManifest.xml:6:97-134
	android:launchMode
		ADDED from platforms\android\AndroidManifest.xml:6:135-165
	android:windowSoftInputMode
		ADDED from platforms\android\AndroidManifest.xml:6:257-299
	android:configChanges
		ADDED from platforms\android\AndroidManifest.xml:6:19-96
	android:theme
		ADDED from platforms\android\AndroidManifest.xml:6:194-256
	android:name
		ADDED from platforms\android\AndroidManifest.xml:6:166-193
intent-filter#android.intent.action.MAIN+android.intent.category.LAUNCHER
ADDED from platforms\android\AndroidManifest.xml:7:13-10:29
	android:label
		ADDED from platforms\android\AndroidManifest.xml:7:28-65
action#android.intent.action.MAIN
ADDED from platforms\android\AndroidManifest.xml:8:17-69
	android:name
		ADDED from platforms\android\AndroidManifest.xml:8:25-66
category#android.intent.category.LAUNCHER
ADDED from platforms\android\AndroidManifest.xml:9:17-77
	android:name
		ADDED from platforms\android\AndroidManifest.xml:9:27-74
meta-data#com.facebook.sdk.ApplicationId
ADDED from platforms\android\AndroidManifest.xml:12:9-102
	android:value
		ADDED from platforms\android\AndroidManifest.xml:12:66-99
	android:name
		ADDED from platforms\android\AndroidManifest.xml:12:20-65
meta-data#com.facebook.sdk.ApplicationName
ADDED from platforms\android\AndroidManifest.xml:13:9-106
	android:value
		ADDED from platforms\android\AndroidManifest.xml:13:68-103
	android:name
		ADDED from platforms\android\AndroidManifest.xml:13:20-67
activity#com.facebook.FacebookActivity
ADDED from platforms\android\AndroidManifest.xml:14:9-246
	android:label
		ADDED from platforms\android\AndroidManifest.xml:14:103-138
	android:configChanges
		ADDED from platforms\android\AndroidManifest.xml:14:19-102
	android:theme
		ADDED from platforms\android\AndroidManifest.xml:14:184-243
	android:name
		ADDED from platforms\android\AndroidManifest.xml:14:139-183
provider#nl.xservices.plugins.FileProvider
ADDED from platforms\android\AndroidManifest.xml:15:9-17:20
	android:authorities
		ADDED from platforms\android\AndroidManifest.xml:15:19-68
	android:grantUriPermissions
		ADDED from platforms\android\AndroidManifest.xml:15:94-128
	android:exported
		ADDED from platforms\android\AndroidManifest.xml:15:69-93
	android:name
		ADDED from platforms\android\AndroidManifest.xml:15:129-177
meta-data#android.support.FILE_PROVIDER_PATHS
ADDED from platforms\android\AndroidManifest.xml:16:13-115
	android:resource
		ADDED from platforms\android\AndroidManifest.xml:16:75-112
	android:name
		ADDED from platforms\android\AndroidManifest.xml:16:24-74
uses-sdk
ADDED from platforms\android\AndroidManifest.xml:19:5-74
MERGED from [com.facebook.android:facebook-android-sdk:4.8.2] AndroidManifest.xml:24:5-26:41
MERGED from [com.android.support:support-v4:24.1.1] AndroidManifest.xml:21:5-23:54
MERGED from [com.android.support:multidex:1.0.1] AndroidManifest.xml:18:5-42
MERGED from [android:CordovaLib:unspecified:debug] AndroidManifest.xml:25:5-44
	tools:overrideLibrary
		ADDED from [com.android.support:support-v4:24.1.1] AndroidManifest.xml:23:9-51
	android:targetSdkVersion
		ADDED from platforms\android\AndroidManifest.xml:19:42-71
	android:minSdkVersion
		ADDED from platforms\android\AndroidManifest.xml:19:15-41
uses-permission#android.permission.GET_ACCOUNTS
ADDED from platforms\android\AndroidManifest.xml:20:5-71
	android:name
		ADDED from platforms\android\AndroidManifest.xml:20:22-68
uses-permission#android.permission.WRITE_EXTERNAL_STORAGE
ADDED from platforms\android\AndroidManifest.xml:21:5-81
	android:name
		ADDED from platforms\android\AndroidManifest.xml:21:22-78